

Started GET "/" for 127.0.0.1 at 2015-09-15 22:55:10 +0200
Processing by Rails::WelcomeController#index as HTML
  Rendered /usr/lib/ruby/gems/1.9.1/gems/railties-4.2.4/lib/rails/templates/rails/welcome/index.html.erb (46.2ms)
Completed 200 OK in 188ms (Views: 128.6ms | ActiveRecord: 0.0ms)


Started GET "/" for 127.0.0.1 at 2015-09-17 17:38:10 +0200
Processing by Rails::WelcomeController#index as HTML
  Rendered /usr/lib/ruby/gems/1.9.1/gems/railties-4.2.4/lib/rails/templates/rails/welcome/index.html.erb (39.7ms)
Completed 200 OK in 180ms (Views: 153.3ms | ActiveRecord: 0.0ms)


Started GET "/" for 127.0.0.1 at 2015-09-17 17:38:16 +0200
Processing by Rails::WelcomeController#index as HTML
  Rendered /usr/lib/ruby/gems/1.9.1/gems/railties-4.2.4/lib/rails/templates/rails/welcome/index.html.erb (0.1ms)
Completed 200 OK in 1ms (Views: 1.0ms | ActiveRecord: 0.0ms)


Started GET "/" for 127.0.0.1 at 2015-09-17 18:05:05 +0200
Processing by WelcomeController#index as HTML
  Rendered welcome/index.html.erb within layouts/application (231.2ms)
Completed 200 OK in 15023ms (Views: 14747.5ms | ActiveRecord: 0.0ms)


Started GET "/assets/welcome.self-e3b0c44298fc1c149afbf4c8996fb92427ae41e4649b934ca495991b7852b855.css?body=1" for 127.0.0.1 at 2015-09-17 18:05:37 +0200


Started GET "/assets/application.self-e80e8f2318043e8af94dddc2adad5a4f09739a8ebb323b3ab31cd71d45fd9113.css?body=1" for 127.0.0.1 at 2015-09-17 18:05:37 +0200


Started GET "/assets/application.self-3b8dabdc891efe46b9a144b400ad69e37d7e5876bdc39dee783419a69d7ca819.js?body=1" for 127.0.0.1 at 2015-09-17 18:05:37 +0200


Started GET "/assets/welcome.self-877aef30ae1b040ab8a3aba4e3e309a11d7f2612f44dde450b5c157aa5f95c05.js?body=1" for 127.0.0.1 at 2015-09-17 18:05:37 +0200


Started GET "/assets/jquery.self-a714331225dda820228db323939889f149aec0127aeb06255646b616ba1ca419.js?body=1" for 127.0.0.1 at 2015-09-17 18:05:37 +0200


Started GET "/assets/turbolinks.self-c37727e9bd6b2735da5c311aa83fead54ed0be6cc8bd9a65309e9c5abe2cbfff.js?body=1" for 127.0.0.1 at 2015-09-17 18:05:37 +0200


Started GET "/assets/jquery_ujs.self-d456baa54c1fa6be2ec3711f0a72ddf7a5b2f34a6b4f515f33767d6207b7d4b3.js?body=1" for 127.0.0.1 at 2015-09-17 18:05:37 +0200


Started GET "/articles/new" for 127.0.0.1 at 2015-09-17 18:32:01 +0200

AbstractController::ActionNotFound (The action 'new' could not be found for ArticlesController):
  actionpack (4.2.4) lib/abstract_controller/base.rb:132:in `process'
  actionview (4.2.4) lib/action_view/rendering.rb:30:in `process'
  actionpack (4.2.4) lib/action_controller/metal.rb:196:in `dispatch'
  actionpack (4.2.4) lib/action_controller/metal/rack_delegation.rb:13:in `dispatch'
  actionpack (4.2.4) lib/action_controller/metal.rb:237:in `block in action'
  actionpack (4.2.4) lib/action_dispatch/routing/route_set.rb:76:in `call'
  actionpack (4.2.4) lib/action_dispatch/routing/route_set.rb:76:in `dispatch'
  actionpack (4.2.4) lib/action_dispatch/routing/route_set.rb:45:in `serve'
  actionpack (4.2.4) lib/action_dispatch/journey/router.rb:43:in `block in serve'
  actionpack (4.2.4) lib/action_dispatch/journey/router.rb:30:in `each'
  actionpack (4.2.4) lib/action_dispatch/journey/router.rb:30:in `serve'
  actionpack (4.2.4) lib/action_dispatch/routing/route_set.rb:821:in `call'
  rack (1.6.4) lib/rack/etag.rb:24:in `call'
  rack (1.6.4) lib/rack/conditionalget.rb:25:in `call'
  rack (1.6.4) lib/rack/head.rb:13:in `call'
  actionpack (4.2.4) lib/action_dispatch/middleware/params_parser.rb:27:in `call'
  actionpack (4.2.4) lib/action_dispatch/middleware/flash.rb:260:in `call'
  rack (1.6.4) lib/rack/session/abstract/id.rb:225:in `context'
  rack (1.6.4) lib/rack/session/abstract/id.rb:220:in `call'
  actionpack (4.2.4) lib/action_dispatch/middleware/cookies.rb:560:in `call'
  activerecord (4.2.4) lib/active_record/query_cache.rb:36:in `call'
  activerecord (4.2.4) lib/active_record/connection_adapters/abstract/connection_pool.rb:653:in `call'
  activerecord (4.2.4) lib/active_record/migration.rb:377:in `call'
  actionpack (4.2.4) lib/action_dispatch/middleware/callbacks.rb:29:in `block in call'
  activesupport (4.2.4) lib/active_support/callbacks.rb:88:in `__run_callbacks__'
  activesupport (4.2.4) lib/active_support/callbacks.rb:778:in `_run_call_callbacks'
  activesupport (4.2.4) lib/active_support/callbacks.rb:81:in `run_callbacks'
  actionpack (4.2.4) lib/action_dispatch/middleware/callbacks.rb:27:in `call'
  actionpack (4.2.4) lib/action_dispatch/middleware/reloader.rb:73:in `call'
  actionpack (4.2.4) lib/action_dispatch/middleware/remote_ip.rb:78:in `call'
  actionpack (4.2.4) lib/action_dispatch/middleware/debug_exceptions.rb:17:in `call'
  web-console (2.2.1) lib/web_console/middleware.rb:39:in `call'
  actionpack (4.2.4) lib/action_dispatch/middleware/show_exceptions.rb:30:in `call'
  railties (4.2.4) lib/rails/rack/logger.rb:38:in `call_app'
  railties (4.2.4) lib/rails/rack/logger.rb:20:in `block in call'
  activesupport (4.2.4) lib/active_support/tagged_logging.rb:68:in `block in tagged'
  activesupport (4.2.4) lib/active_support/tagged_logging.rb:26:in `tagged'
  activesupport (4.2.4) lib/active_support/tagged_logging.rb:68:in `tagged'
  railties (4.2.4) lib/rails/rack/logger.rb:20:in `call'
  actionpack (4.2.4) lib/action_dispatch/middleware/request_id.rb:21:in `call'
  rack (1.6.4) lib/rack/methodoverride.rb:22:in `call'
  rack (1.6.4) lib/rack/runtime.rb:18:in `call'
  activesupport (4.2.4) lib/active_support/cache/strategy/local_cache_middleware.rb:28:in `call'
  rack (1.6.4) lib/rack/lock.rb:17:in `call'
  actionpack (4.2.4) lib/action_dispatch/middleware/static.rb:116:in `call'
  rack (1.6.4) lib/rack/sendfile.rb:113:in `call'
  railties (4.2.4) lib/rails/engine.rb:518:in `call'
  railties (4.2.4) lib/rails/application.rb:165:in `call'
  rack (1.6.4) lib/rack/lock.rb:17:in `call'
  rack (1.6.4) lib/rack/content_length.rb:15:in `call'
  rack (1.6.4) lib/rack/handler/webrick.rb:88:in `service'
  /usr/lib/ruby/1.9.1/webrick/httpserver.rb:138:in `service'
  /usr/lib/ruby/1.9.1/webrick/httpserver.rb:94:in `run'
  /usr/lib/ruby/1.9.1/webrick/server.rb:191:in `block in start_thread'


  Rendered /usr/lib/ruby/gems/1.9.1/gems/actionpack-4.2.4/lib/action_dispatch/middleware/templates/rescues/unknown_action.html.erb within rescues/layout (0.5ms)
  Rendered /usr/lib/ruby/gems/1.9.1/gems/web-console-2.2.1/lib/web_console/templates/_markup.html.erb (0.5ms)
  Rendered /usr/lib/ruby/gems/1.9.1/gems/web-console-2.2.1/lib/web_console/templates/_inner_console_markup.html.erb within layouts/inlined_string (0.4ms)
  Rendered /usr/lib/ruby/gems/1.9.1/gems/web-console-2.2.1/lib/web_console/templates/_prompt_box_markup.html.erb within layouts/inlined_string (0.7ms)
  Rendered /usr/lib/ruby/gems/1.9.1/gems/web-console-2.2.1/lib/web_console/templates/style.css.erb within layouts/inlined_string (0.6ms)
  Rendered /usr/lib/ruby/gems/1.9.1/gems/web-console-2.2.1/lib/web_console/templates/console.js.erb within layouts/javascript (23.9ms)
  Rendered /usr/lib/ruby/gems/1.9.1/gems/web-console-2.2.1/lib/web_console/templates/main.js.erb within layouts/javascript (0.4ms)
  Rendered /usr/lib/ruby/gems/1.9.1/gems/web-console-2.2.1/lib/web_console/templates/error_page.js.erb within layouts/javascript (0.5ms)
  Rendered /usr/lib/ruby/gems/1.9.1/gems/web-console-2.2.1/lib/web_console/templates/index.html.erb (139.5ms)


Started GET "/articles/new" for 127.0.0.1 at 2015-09-17 18:33:17 +0200
Processing by ArticlesController#new as HTML
Completed 500 Internal Server Error in 14ms (ActiveRecord: 0.0ms)

ActionView::MissingTemplate (Missing template articles/new, application/new with {:locale=>[:en], :formats=>[:html], :variants=>[], :handlers=>[:erb, :builder, :raw, :ruby, :coffee, :jbuilder]}. Searched in:
  * "/home/karan/blog/app/views"
):
  actionview (4.2.4) lib/action_view/path_set.rb:46:in `find'
  actionview (4.2.4) lib/action_view/lookup_context.rb:121:in `find'
  actionview (4.2.4) lib/action_view/renderer/abstract_renderer.rb:18:in `find_template'
  actionview (4.2.4) lib/action_view/renderer/template_renderer.rb:40:in `determine_template'
  actionview (4.2.4) lib/action_view/renderer/template_renderer.rb:8:in `render'
  actionview (4.2.4) lib/action_view/renderer/renderer.rb:42:in `render_template'
  actionview (4.2.4) lib/action_view/renderer/renderer.rb:23:in `render'
  actionview (4.2.4) lib/action_view/rendering.rb:100:in `_render_template'
  actionpack (4.2.4) lib/action_controller/metal/streaming.rb:217:in `_render_template'
  actionview (4.2.4) lib/action_view/rendering.rb:83:in `render_to_body'
  actionpack (4.2.4) lib/action_controller/metal/rendering.rb:32:in `render_to_body'
  actionpack (4.2.4) lib/action_controller/metal/renderers.rb:37:in `render_to_body'
  actionpack (4.2.4) lib/abstract_controller/rendering.rb:25:in `render'
  actionpack (4.2.4) lib/action_controller/metal/rendering.rb:16:in `render'
  actionpack (4.2.4) lib/action_controller/metal/instrumentation.rb:44:in `block (2 levels) in render'
  activesupport (4.2.4) lib/active_support/core_ext/benchmark.rb:12:in `block in ms'
  /usr/lib/ruby/1.9.1/benchmark.rb:295:in `realtime'
  activesupport (4.2.4) lib/active_support/core_ext/benchmark.rb:12:in `ms'
  actionpack (4.2.4) lib/action_controller/metal/instrumentation.rb:44:in `block in render'
  actionpack (4.2.4) lib/action_controller/metal/instrumentation.rb:87:in `cleanup_view_runtime'
  activerecord (4.2.4) lib/active_record/railties/controller_runtime.rb:25:in `cleanup_view_runtime'
  actionpack (4.2.4) lib/action_controller/metal/instrumentation.rb:43:in `render'
  actionpack (4.2.4) lib/action_controller/metal/implicit_render.rb:10:in `default_render'
  actionpack (4.2.4) lib/action_controller/metal/implicit_render.rb:5:in `send_action'
  actionpack (4.2.4) lib/abstract_controller/base.rb:198:in `process_action'
  actionpack (4.2.4) lib/action_controller/metal/rendering.rb:10:in `process_action'
  actionpack (4.2.4) lib/abstract_controller/callbacks.rb:20:in `block in process_action'
  activesupport (4.2.4) lib/active_support/callbacks.rb:117:in `call'
  activesupport (4.2.4) lib/active_support/callbacks.rb:117:in `call'
  activesupport (4.2.4) lib/active_support/callbacks.rb:555:in `block (2 levels) in compile'
  activesupport (4.2.4) lib/active_support/callbacks.rb:505:in `call'
  activesupport (4.2.4) lib/active_support/callbacks.rb:505:in `call'
  activesupport (4.2.4) lib/active_support/callbacks.rb:92:in `__run_callbacks__'
  activesupport (4.2.4) lib/active_support/callbacks.rb:778:in `_run_process_action_callbacks'
  activesupport (4.2.4) lib/active_support/callbacks.rb:81:in `run_callbacks'
  actionpack (4.2.4) lib/abstract_controller/callbacks.rb:19:in `process_action'
  actionpack (4.2.4) lib/action_controller/metal/rescue.rb:29:in `process_action'
  actionpack (4.2.4) lib/action_controller/metal/instrumentation.rb:32:in `block in process_action'
  activesupport (4.2.4) lib/active_support/notifications.rb:164:in `block in instrument'
  activesupport (4.2.4) lib/active_support/notifications/instrumenter.rb:20:in `instrument'
  activesupport (4.2.4) lib/active_support/notifications.rb:164:in `instrument'
  actionpack (4.2.4) lib/action_controller/metal/instrumentation.rb:30:in `process_action'
  actionpack (4.2.4) lib/action_controller/metal/params_wrapper.rb:250:in `process_action'
  activerecord (4.2.4) lib/active_record/railties/controller_runtime.rb:18:in `process_action'
  actionpack (4.2.4) lib/abstract_controller/base.rb:137:in `process'
  actionview (4.2.4) lib/action_view/rendering.rb:30:in `process'
  actionpack (4.2.4) lib/action_controller/metal.rb:196:in `dispatch'
  actionpack (4.2.4) lib/action_controller/metal/rack_delegation.rb:13:in `dispatch'
  actionpack (4.2.4) lib/action_controller/metal.rb:237:in `block in action'
  actionpack (4.2.4) lib/action_dispatch/routing/route_set.rb:76:in `call'
  actionpack (4.2.4) lib/action_dispatch/routing/route_set.rb:76:in `dispatch'
  actionpack (4.2.4) lib/action_dispatch/routing/route_set.rb:45:in `serve'
  actionpack (4.2.4) lib/action_dispatch/journey/router.rb:43:in `block in serve'
  actionpack (4.2.4) lib/action_dispatch/journey/router.rb:30:in `each'
  actionpack (4.2.4) lib/action_dispatch/journey/router.rb:30:in `serve'
  actionpack (4.2.4) lib/action_dispatch/routing/route_set.rb:821:in `call'
  rack (1.6.4) lib/rack/etag.rb:24:in `call'
  rack (1.6.4) lib/rack/conditionalget.rb:25:in `call'
  rack (1.6.4) lib/rack/head.rb:13:in `call'
  actionpack (4.2.4) lib/action_dispatch/middleware/params_parser.rb:27:in `call'
  actionpack (4.2.4) lib/action_dispatch/middleware/flash.rb:260:in `call'
  rack (1.6.4) lib/rack/session/abstract/id.rb:225:in `context'
  rack (1.6.4) lib/rack/session/abstract/id.rb:220:in `call'
  actionpack (4.2.4) lib/action_dispatch/middleware/cookies.rb:560:in `call'
  activerecord (4.2.4) lib/active_record/query_cache.rb:36:in `call'
  activerecord (4.2.4) lib/active_record/connection_adapters/abstract/connection_pool.rb:653:in `call'
  activerecord (4.2.4) lib/active_record/migration.rb:377:in `call'
  actionpack (4.2.4) lib/action_dispatch/middleware/callbacks.rb:29:in `block in call'
  activesupport (4.2.4) lib/active_support/callbacks.rb:88:in `__run_callbacks__'
  activesupport (4.2.4) lib/active_support/callbacks.rb:778:in `_run_call_callbacks'
  activesupport (4.2.4) lib/active_support/callbacks.rb:81:in `run_callbacks'
  actionpack (4.2.4) lib/action_dispatch/middleware/callbacks.rb:27:in `call'
  actionpack (4.2.4) lib/action_dispatch/middleware/reloader.rb:73:in `call'
  actionpack (4.2.4) lib/action_dispatch/middleware/remote_ip.rb:78:in `call'
  actionpack (4.2.4) lib/action_dispatch/middleware/debug_exceptions.rb:17:in `call'
  web-console (2.2.1) lib/web_console/middleware.rb:39:in `call'
  actionpack (4.2.4) lib/action_dispatch/middleware/show_exceptions.rb:30:in `call'
  railties (4.2.4) lib/rails/rack/logger.rb:38:in `call_app'
  railties (4.2.4) lib/rails/rack/logger.rb:20:in `block in call'
  activesupport (4.2.4) lib/active_support/tagged_logging.rb:68:in `block in tagged'
  activesupport (4.2.4) lib/active_support/tagged_logging.rb:26:in `tagged'
  activesupport (4.2.4) lib/active_support/tagged_logging.rb:68:in `tagged'
  railties (4.2.4) lib/rails/rack/logger.rb:20:in `call'
  actionpack (4.2.4) lib/action_dispatch/middleware/request_id.rb:21:in `call'
  rack (1.6.4) lib/rack/methodoverride.rb:22:in `call'
  rack (1.6.4) lib/rack/runtime.rb:18:in `call'
  activesupport (4.2.4) lib/active_support/cache/strategy/local_cache_middleware.rb:28:in `call'
  rack (1.6.4) lib/rack/lock.rb:17:in `call'
  actionpack (4.2.4) lib/action_dispatch/middleware/static.rb:116:in `call'
  rack (1.6.4) lib/rack/sendfile.rb:113:in `call'
  railties (4.2.4) lib/rails/engine.rb:518:in `call'
  railties (4.2.4) lib/rails/application.rb:165:in `call'
  rack (1.6.4) lib/rack/lock.rb:17:in `call'
  rack (1.6.4) lib/rack/content_length.rb:15:in `call'
  rack (1.6.4) lib/rack/handler/webrick.rb:88:in `service'
  /usr/lib/ruby/1.9.1/webrick/httpserver.rb:138:in `service'
  /usr/lib/ruby/1.9.1/webrick/httpserver.rb:94:in `run'
  /usr/lib/ruby/1.9.1/webrick/server.rb:191:in `block in start_thread'


  Rendered /usr/lib/ruby/gems/1.9.1/gems/actionpack-4.2.4/lib/action_dispatch/middleware/templates/rescues/_source.erb (7.8ms)
  Rendered /usr/lib/ruby/gems/1.9.1/gems/actionpack-4.2.4/lib/action_dispatch/middleware/templates/rescues/_trace.html.erb (73.0ms)
  Rendered /usr/lib/ruby/gems/1.9.1/gems/actionpack-4.2.4/lib/action_dispatch/middleware/templates/rescues/_request_and_response.html.erb (1.2ms)
  Rendered /usr/lib/ruby/gems/1.9.1/gems/actionpack-4.2.4/lib/action_dispatch/middleware/templates/rescues/missing_template.html.erb within rescues/layout (118.9ms)
  Rendered /usr/lib/ruby/gems/1.9.1/gems/web-console-2.2.1/lib/web_console/templates/_markup.html.erb (0.4ms)
  Rendered /usr/lib/ruby/gems/1.9.1/gems/web-console-2.2.1/lib/web_console/templates/_inner_console_markup.html.erb within layouts/inlined_string (0.5ms)
  Rendered /usr/lib/ruby/gems/1.9.1/gems/web-console-2.2.1/lib/web_console/templates/_prompt_box_markup.html.erb within layouts/inlined_string (0.6ms)
  Rendered /usr/lib/ruby/gems/1.9.1/gems/web-console-2.2.1/lib/web_console/templates/style.css.erb within layouts/inlined_string (0.5ms)
  Rendered /usr/lib/ruby/gems/1.9.1/gems/web-console-2.2.1/lib/web_console/templates/console.js.erb within layouts/javascript (15.7ms)
  Rendered /usr/lib/ruby/gems/1.9.1/gems/web-console-2.2.1/lib/web_console/templates/main.js.erb within layouts/javascript (0.5ms)
  Rendered /usr/lib/ruby/gems/1.9.1/gems/web-console-2.2.1/lib/web_console/templates/error_page.js.erb within layouts/javascript (0.4ms)
  Rendered /usr/lib/ruby/gems/1.9.1/gems/web-console-2.2.1/lib/web_console/templates/index.html.erb (33.7ms)


Started GET "/" for 127.0.0.1 at 2015-09-17 18:36:49 +0200
Processing by WelcomeController#index as HTML
  Rendered welcome/index.html.erb within layouts/application (0.1ms)
Completed 200 OK in 257ms (Views: 256.4ms | ActiveRecord: 0.0ms)


Started GET "/assets/articles.self-e3b0c44298fc1c149afbf4c8996fb92427ae41e4649b934ca495991b7852b855.css?body=1" for 127.0.0.1 at 2015-09-17 18:36:49 +0200


Started GET "/assets/articles.self-877aef30ae1b040ab8a3aba4e3e309a11d7f2612f44dde450b5c157aa5f95c05.js?body=1" for 127.0.0.1 at 2015-09-17 18:36:50 +0200


Started GET "/articles/new" for 127.0.0.1 at 2015-09-17 18:36:54 +0200
Processing by ArticlesController#new as HTML
Completed 500 Internal Server Error in 2ms (ActiveRecord: 0.0ms)

ActionView::MissingTemplate (Missing template articles/new, application/new with {:locale=>[:en], :formats=>[:html], :variants=>[], :handlers=>[:erb, :builder, :raw, :ruby, :coffee, :jbuilder]}. Searched in:
  * "/home/karan/blog/app/views"
):
  actionview (4.2.4) lib/action_view/path_set.rb:46:in `find'
  actionview (4.2.4) lib/action_view/lookup_context.rb:121:in `find'
  actionview (4.2.4) lib/action_view/renderer/abstract_renderer.rb:18:in `find_template'
  actionview (4.2.4) lib/action_view/renderer/template_renderer.rb:40:in `determine_template'
  actionview (4.2.4) lib/action_view/renderer/template_renderer.rb:8:in `render'
  actionview (4.2.4) lib/action_view/renderer/renderer.rb:42:in `render_template'
  actionview (4.2.4) lib/action_view/renderer/renderer.rb:23:in `render'
  actionview (4.2.4) lib/action_view/rendering.rb:100:in `_render_template'
  actionpack (4.2.4) lib/action_controller/metal/streaming.rb:217:in `_render_template'
  actionview (4.2.4) lib/action_view/rendering.rb:83:in `render_to_body'
  actionpack (4.2.4) lib/action_controller/metal/rendering.rb:32:in `render_to_body'
  actionpack (4.2.4) lib/action_controller/metal/renderers.rb:37:in `render_to_body'
  actionpack (4.2.4) lib/abstract_controller/rendering.rb:25:in `render'
  actionpack (4.2.4) lib/action_controller/metal/rendering.rb:16:in `render'
  actionpack (4.2.4) lib/action_controller/metal/instrumentation.rb:44:in `block (2 levels) in render'
  activesupport (4.2.4) lib/active_support/core_ext/benchmark.rb:12:in `block in ms'
  /usr/lib/ruby/1.9.1/benchmark.rb:295:in `realtime'
  activesupport (4.2.4) lib/active_support/core_ext/benchmark.rb:12:in `ms'
  actionpack (4.2.4) lib/action_controller/metal/instrumentation.rb:44:in `block in render'
  actionpack (4.2.4) lib/action_controller/metal/instrumentation.rb:87:in `cleanup_view_runtime'
  activerecord (4.2.4) lib/active_record/railties/controller_runtime.rb:25:in `cleanup_view_runtime'
  actionpack (4.2.4) lib/action_controller/metal/instrumentation.rb:43:in `render'
  actionpack (4.2.4) lib/action_controller/metal/implicit_render.rb:10:in `default_render'
  actionpack (4.2.4) lib/action_controller/metal/implicit_render.rb:5:in `send_action'
  actionpack (4.2.4) lib/abstract_controller/base.rb:198:in `process_action'
  actionpack (4.2.4) lib/action_controller/metal/rendering.rb:10:in `process_action'
  actionpack (4.2.4) lib/abstract_controller/callbacks.rb:20:in `block in process_action'
  activesupport (4.2.4) lib/active_support/callbacks.rb:117:in `call'
  activesupport (4.2.4) lib/active_support/callbacks.rb:117:in `call'
  activesupport (4.2.4) lib/active_support/callbacks.rb:555:in `block (2 levels) in compile'
  activesupport (4.2.4) lib/active_support/callbacks.rb:505:in `call'
  activesupport (4.2.4) lib/active_support/callbacks.rb:505:in `call'
  activesupport (4.2.4) lib/active_support/callbacks.rb:92:in `__run_callbacks__'
  activesupport (4.2.4) lib/active_support/callbacks.rb:778:in `_run_process_action_callbacks'
  activesupport (4.2.4) lib/active_support/callbacks.rb:81:in `run_callbacks'
  actionpack (4.2.4) lib/abstract_controller/callbacks.rb:19:in `process_action'
  actionpack (4.2.4) lib/action_controller/metal/rescue.rb:29:in `process_action'
  actionpack (4.2.4) lib/action_controller/metal/instrumentation.rb:32:in `block in process_action'
  activesupport (4.2.4) lib/active_support/notifications.rb:164:in `block in instrument'
  activesupport (4.2.4) lib/active_support/notifications/instrumenter.rb:20:in `instrument'
  activesupport (4.2.4) lib/active_support/notifications.rb:164:in `instrument'
  actionpack (4.2.4) lib/action_controller/metal/instrumentation.rb:30:in `process_action'
  actionpack (4.2.4) lib/action_controller/metal/params_wrapper.rb:250:in `process_action'
  activerecord (4.2.4) lib/active_record/railties/controller_runtime.rb:18:in `process_action'
  actionpack (4.2.4) lib/abstract_controller/base.rb:137:in `process'
  actionview (4.2.4) lib/action_view/rendering.rb:30:in `process'
  actionpack (4.2.4) lib/action_controller/metal.rb:196:in `dispatch'
  actionpack (4.2.4) lib/action_controller/metal/rack_delegation.rb:13:in `dispatch'
  actionpack (4.2.4) lib/action_controller/metal.rb:237:in `block in action'
  actionpack (4.2.4) lib/action_dispatch/routing/route_set.rb:76:in `call'
  actionpack (4.2.4) lib/action_dispatch/routing/route_set.rb:76:in `dispatch'
  actionpack (4.2.4) lib/action_dispatch/routing/route_set.rb:45:in `serve'
  actionpack (4.2.4) lib/action_dispatch/journey/router.rb:43:in `block in serve'
  actionpack (4.2.4) lib/action_dispatch/journey/router.rb:30:in `each'
  actionpack (4.2.4) lib/action_dispatch/journey/router.rb:30:in `serve'
  actionpack (4.2.4) lib/action_dispatch/routing/route_set.rb:821:in `call'
  rack (1.6.4) lib/rack/etag.rb:24:in `call'
  rack (1.6.4) lib/rack/conditionalget.rb:25:in `call'
  rack (1.6.4) lib/rack/head.rb:13:in `call'
  actionpack (4.2.4) lib/action_dispatch/middleware/params_parser.rb:27:in `call'
  actionpack (4.2.4) lib/action_dispatch/middleware/flash.rb:260:in `call'
  rack (1.6.4) lib/rack/session/abstract/id.rb:225:in `context'
  rack (1.6.4) lib/rack/session/abstract/id.rb:220:in `call'
  actionpack (4.2.4) lib/action_dispatch/middleware/cookies.rb:560:in `call'
  activerecord (4.2.4) lib/active_record/query_cache.rb:36:in `call'
  activerecord (4.2.4) lib/active_record/connection_adapters/abstract/connection_pool.rb:653:in `call'
  activerecord (4.2.4) lib/active_record/migration.rb:377:in `call'
  actionpack (4.2.4) lib/action_dispatch/middleware/callbacks.rb:29:in `block in call'
  activesupport (4.2.4) lib/active_support/callbacks.rb:88:in `__run_callbacks__'
  activesupport (4.2.4) lib/active_support/callbacks.rb:778:in `_run_call_callbacks'
  activesupport (4.2.4) lib/active_support/callbacks.rb:81:in `run_callbacks'
  actionpack (4.2.4) lib/action_dispatch/middleware/callbacks.rb:27:in `call'
  actionpack (4.2.4) lib/action_dispatch/middleware/reloader.rb:73:in `call'
  actionpack (4.2.4) lib/action_dispatch/middleware/remote_ip.rb:78:in `call'
  actionpack (4.2.4) lib/action_dispatch/middleware/debug_exceptions.rb:17:in `call'
  web-console (2.2.1) lib/web_console/middleware.rb:39:in `call'
  actionpack (4.2.4) lib/action_dispatch/middleware/show_exceptions.rb:30:in `call'
  railties (4.2.4) lib/rails/rack/logger.rb:38:in `call_app'
  railties (4.2.4) lib/rails/rack/logger.rb:20:in `block in call'
  activesupport (4.2.4) lib/active_support/tagged_logging.rb:68:in `block in tagged'
  activesupport (4.2.4) lib/active_support/tagged_logging.rb:26:in `tagged'
  activesupport (4.2.4) lib/active_support/tagged_logging.rb:68:in `tagged'
  railties (4.2.4) lib/rails/rack/logger.rb:20:in `call'
  actionpack (4.2.4) lib/action_dispatch/middleware/request_id.rb:21:in `call'
  rack (1.6.4) lib/rack/methodoverride.rb:22:in `call'
  rack (1.6.4) lib/rack/runtime.rb:18:in `call'
  activesupport (4.2.4) lib/active_support/cache/strategy/local_cache_middleware.rb:28:in `call'
  rack (1.6.4) lib/rack/lock.rb:17:in `call'
  actionpack (4.2.4) lib/action_dispatch/middleware/static.rb:116:in `call'
  rack (1.6.4) lib/rack/sendfile.rb:113:in `call'
  railties (4.2.4) lib/rails/engine.rb:518:in `call'
  railties (4.2.4) lib/rails/application.rb:165:in `call'
  rack (1.6.4) lib/rack/lock.rb:17:in `call'
  rack (1.6.4) lib/rack/content_length.rb:15:in `call'
  rack (1.6.4) lib/rack/handler/webrick.rb:88:in `service'
  /usr/lib/ruby/1.9.1/webrick/httpserver.rb:138:in `service'
  /usr/lib/ruby/1.9.1/webrick/httpserver.rb:94:in `run'
  /usr/lib/ruby/1.9.1/webrick/server.rb:191:in `block in start_thread'


  Rendered /usr/lib/ruby/gems/1.9.1/gems/actionpack-4.2.4/lib/action_dispatch/middleware/templates/rescues/_source.erb (6.9ms)
  Rendered /usr/lib/ruby/gems/1.9.1/gems/actionpack-4.2.4/lib/action_dispatch/middleware/templates/rescues/_trace.html.erb (4.6ms)
  Rendered /usr/lib/ruby/gems/1.9.1/gems/actionpack-4.2.4/lib/action_dispatch/middleware/templates/rescues/_request_and_response.html.erb (1.4ms)
  Rendered /usr/lib/ruby/gems/1.9.1/gems/actionpack-4.2.4/lib/action_dispatch/middleware/templates/rescues/missing_template.html.erb within rescues/layout (28.2ms)
  Rendered /usr/lib/ruby/gems/1.9.1/gems/web-console-2.2.1/lib/web_console/templates/_markup.html.erb (0.6ms)
  Rendered /usr/lib/ruby/gems/1.9.1/gems/web-console-2.2.1/lib/web_console/templates/_inner_console_markup.html.erb within layouts/inlined_string (0.5ms)
  Rendered /usr/lib/ruby/gems/1.9.1/gems/web-console-2.2.1/lib/web_console/templates/_prompt_box_markup.html.erb within layouts/inlined_string (0.4ms)
  Rendered /usr/lib/ruby/gems/1.9.1/gems/web-console-2.2.1/lib/web_console/templates/style.css.erb within layouts/inlined_string (0.4ms)
  Rendered /usr/lib/ruby/gems/1.9.1/gems/web-console-2.2.1/lib/web_console/templates/console.js.erb within layouts/javascript (20.5ms)
  Rendered /usr/lib/ruby/gems/1.9.1/gems/web-console-2.2.1/lib/web_console/templates/main.js.erb within layouts/javascript (0.6ms)
  Rendered /usr/lib/ruby/gems/1.9.1/gems/web-console-2.2.1/lib/web_console/templates/error_page.js.erb within layouts/javascript (0.7ms)
  Rendered /usr/lib/ruby/gems/1.9.1/gems/web-console-2.2.1/lib/web_console/templates/index.html.erb (42.1ms)


Started GET "/articles/new" for 127.0.0.1 at 2015-09-17 18:39:31 +0200
Processing by ArticlesController#new as HTML
  Rendered articles/new.erb within layouts/application (0.3ms)
Completed 200 OK in 51ms (Views: 50.6ms | ActiveRecord: 0.0ms)


Started GET "/articles/new" for 127.0.0.1 at 2015-09-17 18:41:32 +0200
Processing by ArticlesController#new as HTML
  Rendered articles/new.erb within layouts/application (219.4ms)
Completed 200 OK in 261ms (Views: 260.3ms | ActiveRecord: 0.0ms)


Started GET "/articles/new" for 127.0.0.1 at 2015-09-17 18:44:50 +0200
Processing by ArticlesController#new as HTML
  Rendered articles/new.erb within layouts/application (1.9ms)
Completed 200 OK in 44ms (Views: 43.2ms | ActiveRecord: 0.0ms)


Started GET "/articles/new" for 127.0.0.1 at 2015-09-17 20:27:46 +0200
Processing by ArticlesController#new as HTML
  Rendered articles/new.erb within layouts/application (1.6ms)
Completed 200 OK in 80ms (Views: 79.6ms | ActiveRecord: 0.0ms)


Started POST "/articles" for 127.0.0.1 at 2015-09-17 20:27:54 +0200
Processing by ArticlesController#create as HTML
  Parameters: {"utf8"=>"✓", "authenticity_token"=>"AGGBvP4o6hPQaBiwxkLIY7K4N5+uFjMYFv93xvf+j/qwaUNWRYaKswgCa7lZFs7aXNk/w10nM7S2F3eSKwEsTA==", "article"=>{"title"=>"dd", "text"=>"dd"}, "commit"=>"Save Article"}
  Rendered text template (0.1ms)
Completed 200 OK in 35ms (Views: 33.7ms | ActiveRecord: 0.0ms)
  [1m[36m (88.9ms)[0m  [1mCREATE TABLE "schema_migrations" ("version" varchar NOT NULL) [0m
  [1m[35m (0.2ms)[0m  select sqlite_version(*)
  [1m[36m (68.2ms)[0m  [1mCREATE UNIQUE INDEX "unique_schema_migrations" ON "schema_migrations" ("version")[0m
  [1m[35mActiveRecord::SchemaMigration Load (0.1ms)[0m  SELECT "schema_migrations".* FROM "schema_migrations"
Migrating to CreateArticles (20150917183541)
  [1m[36m (0.1ms)[0m  [1mbegin transaction[0m
  [1m[35m (0.4ms)[0m  CREATE TABLE "articles" ("id" INTEGER PRIMARY KEY AUTOINCREMENT NOT NULL, "title" varchar, "text" text, "created_at" datetime NOT NULL, "updated_at" datetime NOT NULL) 
  [1m[36mSQL (0.3ms)[0m  [1mINSERT INTO "schema_migrations" ("version") VALUES (?)[0m  [["version", "20150917183541"]]
  [1m[35m (91.9ms)[0m  commit transaction
  [1m[36mActiveRecord::SchemaMigration Load (0.1ms)[0m  [1mSELECT "schema_migrations".* FROM "schema_migrations"[0m


Started GET "/articles/new" for 127.0.0.1 at 2015-09-17 20:49:45 +0200
  [1m[36mActiveRecord::SchemaMigration Load (0.2ms)[0m  [1mSELECT "schema_migrations".* FROM "schema_migrations"[0m
Processing by ArticlesController#new as HTML
  Rendered articles/new.erb within layouts/application (1.4ms)
Completed 200 OK in 72ms (Views: 70.8ms | ActiveRecord: 0.0ms)


Started GET "/articles/new" for 127.0.0.1 at 2015-09-17 20:50:08 +0200
Processing by ArticlesController#new as HTML
  Rendered articles/new.erb within layouts/application (0.9ms)
Completed 200 OK in 50ms (Views: 49.2ms | ActiveRecord: 0.0ms)


Started POST "/articles" for 127.0.0.1 at 2015-09-17 20:51:08 +0200
Processing by ArticlesController#create as HTML
  Parameters: {"utf8"=>"✓", "authenticity_token"=>"AYbS4cpTn4lHcdZdsf7Vq0zOi7dA6apOabpLjqy3rWuxjhALcf3/KZ8bpVQuqtMSoq+D67PYquLJUkvacEgO3Q==", "article"=>{"title"=>"dd", "text"=>"dd"}, "commit"=>"Save Article"}
Completed 500 Internal Server Error in 8ms (ActiveRecord: 0.4ms)

ActiveModel::ForbiddenAttributesError (ActiveModel::ForbiddenAttributesError):
  app/controllers/articles_controller.rb:5:in `create'


  Rendered /usr/lib/ruby/gems/1.9.1/gems/actionpack-4.2.4/lib/action_dispatch/middleware/templates/rescues/_source.erb (12.2ms)
  Rendered /usr/lib/ruby/gems/1.9.1/gems/actionpack-4.2.4/lib/action_dispatch/middleware/templates/rescues/_trace.html.erb (3.2ms)
  Rendered /usr/lib/ruby/gems/1.9.1/gems/actionpack-4.2.4/lib/action_dispatch/middleware/templates/rescues/_request_and_response.html.erb (6.1ms)
  Rendered /usr/lib/ruby/gems/1.9.1/gems/actionpack-4.2.4/lib/action_dispatch/middleware/templates/rescues/diagnostics.html.erb within rescues/layout (39.7ms)
  Rendered /usr/lib/ruby/gems/1.9.1/gems/web-console-2.2.1/lib/web_console/templates/_markup.html.erb (1.3ms)
  Rendered /usr/lib/ruby/gems/1.9.1/gems/web-console-2.2.1/lib/web_console/templates/_inner_console_markup.html.erb within layouts/inlined_string (0.4ms)
  Rendered /usr/lib/ruby/gems/1.9.1/gems/web-console-2.2.1/lib/web_console/templates/_prompt_box_markup.html.erb within layouts/inlined_string (0.4ms)
  Rendered /usr/lib/ruby/gems/1.9.1/gems/web-console-2.2.1/lib/web_console/templates/style.css.erb within layouts/inlined_string (0.4ms)
  Rendered /usr/lib/ruby/gems/1.9.1/gems/web-console-2.2.1/lib/web_console/templates/console.js.erb within layouts/javascript (28.0ms)
  Rendered /usr/lib/ruby/gems/1.9.1/gems/web-console-2.2.1/lib/web_console/templates/main.js.erb within layouts/javascript (0.4ms)
  Rendered /usr/lib/ruby/gems/1.9.1/gems/web-console-2.2.1/lib/web_console/templates/error_page.js.erb within layouts/javascript (0.5ms)
  Rendered /usr/lib/ruby/gems/1.9.1/gems/web-console-2.2.1/lib/web_console/templates/index.html.erb (67.3ms)


Started GET "/articles/new" for 127.0.0.1 at 2015-09-17 21:13:47 +0200
Processing by ArticlesController#new as HTML
  Rendered articles/new.erb within layouts/application (1.7ms)
Completed 200 OK in 60ms (Views: 59.2ms | ActiveRecord: 0.0ms)


Started POST "/articles" for 127.0.0.1 at 2015-09-17 21:13:57 +0200
Processing by ArticlesController#create as HTML
  Parameters: {"utf8"=>"✓", "authenticity_token"=>"e0jkXcFug9cGGATtT6d+rR4LlGSu8nqXE0nqo07GHN3LQCa3esDjd95yd+TQ83gU8GqcOF3Dejuzoer3kjm/aw==", "article"=>{"title"=>"kkkdd", "text"=>"fdfdf"}, "commit"=>"Save Article"}
  [1m[35m (0.2ms)[0m  begin transaction
  [1m[36mSQL (0.5ms)[0m  [1mINSERT INTO "articles" ("title", "text", "created_at", "updated_at") VALUES (?, ?, ?, ?)[0m  [["title", "kkkdd"], ["text", "fdfdf"], ["created_at", "2015-09-17 19:13:57.362774"], ["updated_at", "2015-09-17 19:13:57.362774"]]
  [1m[35m (8.7ms)[0m  commit transaction
Redirected to http://localhost:3000/articles/1
Completed 302 Found in 186ms (ActiveRecord: 9.8ms)


Started GET "/articles/1" for 127.0.0.1 at 2015-09-17 21:13:57 +0200
Processing by ArticlesController#show as HTML
  Parameters: {"id"=>"1"}
  [1m[36mArticle Load (0.3ms)[0m  [1mSELECT  "articles".* FROM "articles" WHERE "articles"."id" = ? LIMIT 1[0m  [["id", 1]]
  Rendered articles/show.erb within layouts/application (0.6ms)
Completed 200 OK in 222ms (Views: 46.6ms | ActiveRecord: 0.3ms)


Started GET "/articles" for 127.0.0.1 at 2015-09-17 21:23:06 +0200
Processing by ArticlesController#index as HTML
  [1m[35mArticle Load (0.3ms)[0m  SELECT "articles".* FROM "articles"
  Rendered articles/index.erb within layouts/application (12.3ms)
Completed 200 OK in 60ms (Views: 57.0ms | ActiveRecord: 0.7ms)


Started GET "/article" for 127.0.0.1 at 2015-09-17 22:19:07 +0200

ActionController::RoutingError (No route matches [GET] "/article"):
  actionpack (4.2.4) lib/action_dispatch/middleware/debug_exceptions.rb:21:in `call'
  web-console (2.2.1) lib/web_console/middleware.rb:39:in `call'
  actionpack (4.2.4) lib/action_dispatch/middleware/show_exceptions.rb:30:in `call'
  railties (4.2.4) lib/rails/rack/logger.rb:38:in `call_app'
  railties (4.2.4) lib/rails/rack/logger.rb:20:in `block in call'
  activesupport (4.2.4) lib/active_support/tagged_logging.rb:68:in `block in tagged'
  activesupport (4.2.4) lib/active_support/tagged_logging.rb:26:in `tagged'
  activesupport (4.2.4) lib/active_support/tagged_logging.rb:68:in `tagged'
  railties (4.2.4) lib/rails/rack/logger.rb:20:in `call'
  actionpack (4.2.4) lib/action_dispatch/middleware/request_id.rb:21:in `call'
  rack (1.6.4) lib/rack/methodoverride.rb:22:in `call'
  rack (1.6.4) lib/rack/runtime.rb:18:in `call'
  activesupport (4.2.4) lib/active_support/cache/strategy/local_cache_middleware.rb:28:in `call'
  rack (1.6.4) lib/rack/lock.rb:17:in `call'
  actionpack (4.2.4) lib/action_dispatch/middleware/static.rb:116:in `call'
  rack (1.6.4) lib/rack/sendfile.rb:113:in `call'
  railties (4.2.4) lib/rails/engine.rb:518:in `call'
  railties (4.2.4) lib/rails/application.rb:165:in `call'
  rack (1.6.4) lib/rack/lock.rb:17:in `call'
  rack (1.6.4) lib/rack/content_length.rb:15:in `call'
  rack (1.6.4) lib/rack/handler/webrick.rb:88:in `service'
  /usr/lib/ruby/1.9.1/webrick/httpserver.rb:138:in `service'
  /usr/lib/ruby/1.9.1/webrick/httpserver.rb:94:in `run'
  /usr/lib/ruby/1.9.1/webrick/server.rb:191:in `block in start_thread'


  Rendered /usr/lib/ruby/gems/1.9.1/gems/actionpack-4.2.4/lib/action_dispatch/middleware/templates/rescues/_trace.html.erb (1.4ms)
  Rendered /usr/lib/ruby/gems/1.9.1/gems/actionpack-4.2.4/lib/action_dispatch/middleware/templates/routes/_route.html.erb (1.1ms)
  Rendered /usr/lib/ruby/gems/1.9.1/gems/actionpack-4.2.4/lib/action_dispatch/middleware/templates/routes/_table.html.erb (126.5ms)
  Rendered /usr/lib/ruby/gems/1.9.1/gems/actionpack-4.2.4/lib/action_dispatch/middleware/templates/rescues/_request_and_response.html.erb (1.5ms)
  Rendered /usr/lib/ruby/gems/1.9.1/gems/actionpack-4.2.4/lib/action_dispatch/middleware/templates/rescues/routing_error.html.erb within rescues/layout (241.5ms)
  Rendered /usr/lib/ruby/gems/1.9.1/gems/web-console-2.2.1/lib/web_console/templates/_markup.html.erb (0.5ms)
  Rendered /usr/lib/ruby/gems/1.9.1/gems/web-console-2.2.1/lib/web_console/templates/_inner_console_markup.html.erb within layouts/inlined_string (0.5ms)
  Rendered /usr/lib/ruby/gems/1.9.1/gems/web-console-2.2.1/lib/web_console/templates/_prompt_box_markup.html.erb within layouts/inlined_string (0.4ms)
  Rendered /usr/lib/ruby/gems/1.9.1/gems/web-console-2.2.1/lib/web_console/templates/style.css.erb within layouts/inlined_string (0.4ms)
  Rendered /usr/lib/ruby/gems/1.9.1/gems/web-console-2.2.1/lib/web_console/templates/console.js.erb within layouts/javascript (23.3ms)
  Rendered /usr/lib/ruby/gems/1.9.1/gems/web-console-2.2.1/lib/web_console/templates/main.js.erb within layouts/javascript (0.4ms)
  Rendered /usr/lib/ruby/gems/1.9.1/gems/web-console-2.2.1/lib/web_console/templates/error_page.js.erb within layouts/javascript (0.6ms)
  Rendered /usr/lib/ruby/gems/1.9.1/gems/web-console-2.2.1/lib/web_console/templates/index.html.erb (67.4ms)


Started GET "/articles/new" for 127.0.0.1 at 2015-09-17 22:19:13 +0200
Processing by ArticlesController#new as HTML
  Rendered articles/new.erb within layouts/application (2.2ms)
Completed 200 OK in 82ms (Views: 81.8ms | ActiveRecord: 0.0ms)


Started GET "/articles" for 127.0.0.1 at 2015-09-17 22:19:17 +0200
Processing by ArticlesController#index as HTML
  [1m[36mArticle Load (0.2ms)[0m  [1mSELECT "articles".* FROM "articles"[0m
  Rendered articles/index.erb within layouts/application (1.8ms)
Completed 200 OK in 51ms (Views: 49.7ms | ActiveRecord: 0.2ms)


Started POST "/articles" for 127.0.0.1 at 2015-09-17 22:19:30 +0200
Processing by ArticlesController#create as HTML
  Parameters: {"utf8"=>"✓", "authenticity_token"=>"Sfe0T+cSi3HfpB02OvZWFR5OL+rtUVxi94d+HlEUbfj5/3alXLzr0QfObj+lolCs8C8nth5gXM5Xb35KjevOTg==", "article"=>{"title"=>"dd", "text"=>"ddd"}, "commit"=>"Save Article"}
  [1m[35m (0.1ms)[0m  begin transaction
  [1m[36mSQL (73.9ms)[0m  [1mINSERT INTO "articles" ("title", "text", "created_at", "updated_at") VALUES (?, ?, ?, ?)[0m  [["title", "dd"], ["text", "ddd"], ["created_at", "2015-09-17 20:19:30.923371"], ["updated_at", "2015-09-17 20:19:30.923371"]]
  [1m[35m (10.0ms)[0m  commit transaction
Redirected to http://localhost:3000/articles/2
Completed 302 Found in 90ms (ActiveRecord: 84.0ms)


Started GET "/articles/2" for 127.0.0.1 at 2015-09-17 22:19:31 +0200
Processing by ArticlesController#show as HTML
  Parameters: {"id"=>"2"}
  [1m[36mArticle Load (0.3ms)[0m  [1mSELECT  "articles".* FROM "articles" WHERE "articles"."id" = ? LIMIT 1[0m  [["id", 2]]
  Rendered articles/show.erb within layouts/application (0.8ms)
Completed 200 OK in 50ms (Views: 46.8ms | ActiveRecord: 0.3ms)


Started GET "/articles" for 127.0.0.1 at 2015-09-17 22:19:32 +0200
Processing by ArticlesController#index as HTML
  [1m[35mArticle Load (0.2ms)[0m  SELECT "articles".* FROM "articles"
  Rendered articles/index.erb within layouts/application (1.7ms)
Completed 200 OK in 102ms (Views: 100.6ms | ActiveRecord: 0.2ms)


Started GET "/articles/new" for 127.0.0.1 at 2015-09-17 22:19:39 +0200
Processing by ArticlesController#new as HTML
  Rendered articles/new.erb within layouts/application (2.8ms)
Completed 200 OK in 43ms (Views: 42.4ms | ActiveRecord: 0.0ms)


Started GET "/articles" for 127.0.0.1 at 2015-09-17 22:19:41 +0200
Processing by ArticlesController#index as HTML
  [1m[36mArticle Load (0.2ms)[0m  [1mSELECT "articles".* FROM "articles"[0m
  Rendered articles/index.erb within layouts/application (1.3ms)
Completed 200 OK in 36ms (Views: 35.1ms | ActiveRecord: 0.2ms)


Started GET "/articles/new" for 127.0.0.1 at 2015-09-17 22:19:42 +0200
Processing by ArticlesController#new as HTML
  Rendered articles/new.erb within layouts/application (0.9ms)
Completed 200 OK in 51ms (Views: 50.2ms | ActiveRecord: 0.0ms)


Started POST "/articles" for 127.0.0.1 at 2015-09-17 22:19:48 +0200
Processing by ArticlesController#create as HTML
  Parameters: {"utf8"=>"✓", "authenticity_token"=>"9EuoAn6o6WhVqxtE1CKehO1oxd+eZhJDTD6GdZxaiR5EQ2roxQaJyI3BaE1Ldpg9AwnNg21XEu/s1oYhQKUqqA==", "article"=>{"title"=>"ef", "text"=>"fdf"}, "commit"=>"Save Article"}
  [1m[35m (0.1ms)[0m  begin transaction
  [1m[36mSQL (0.4ms)[0m  [1mINSERT INTO "articles" ("title", "text", "created_at", "updated_at") VALUES (?, ?, ?, ?)[0m  [["title", "ef"], ["text", "fdf"], ["created_at", "2015-09-17 20:19:48.717303"], ["updated_at", "2015-09-17 20:19:48.717303"]]
  [1m[35m (143.8ms)[0m  commit transaction
Redirected to http://localhost:3000/articles/3
Completed 302 Found in 154ms (ActiveRecord: 144.2ms)


Started GET "/articles/3" for 127.0.0.1 at 2015-09-17 22:19:48 +0200
Processing by ArticlesController#show as HTML
  Parameters: {"id"=>"3"}
  [1m[36mArticle Load (0.3ms)[0m  [1mSELECT  "articles".* FROM "articles" WHERE "articles"."id" = ? LIMIT 1[0m  [["id", 3]]
  Rendered articles/show.erb within layouts/application (0.5ms)
Completed 200 OK in 59ms (Views: 57.4ms | ActiveRecord: 0.3ms)


Started GET "/articles" for 127.0.0.1 at 2015-09-17 22:19:54 +0200
Processing by ArticlesController#index as HTML
  [1m[35mArticle Load (0.3ms)[0m  SELECT "articles".* FROM "articles"
  Rendered articles/index.erb within layouts/application (1.1ms)
Completed 200 OK in 112ms (Views: 111.0ms | ActiveRecord: 0.3ms)


Started GET "/articles/new" for 127.0.0.1 at 2015-09-17 22:24:29 +0200
Processing by ArticlesController#new as HTML
  Rendered articles/new.erb within layouts/application (2.2ms)
Completed 200 OK in 54ms (Views: 41.5ms | ActiveRecord: 0.5ms)


Started POST "/articles" for 127.0.0.1 at 2015-09-17 22:24:32 +0200
Processing by ArticlesController#create as HTML
  Parameters: {"utf8"=>"✓", "authenticity_token"=>"ZQmDEWVgaaWHkBNT3wSBWCc3JP7fo58gWE14GSwXFnnVAUH73s4JBV/6YFpAUIfhyVYsoiySn4z4pXhN8Oi1zw==", "article"=>{"title"=>"", "text"=>""}, "commit"=>"Save Article"}
  [1m[36m (0.1ms)[0m  [1mbegin transaction[0m
  [1m[35m (0.1ms)[0m  rollback transaction
Redirected to http://localhost:3000/articles
Completed 500 Internal Server Error in 5ms (ActiveRecord: 0.2ms)

AbstractController::DoubleRenderError (Render and/or redirect were called multiple times in this action. Please note that you may only call render OR redirect, and at most once per action. Also note that neither redirect nor render terminate execution of the action, so if you want to exit an action after redirecting, you need to do something like "redirect_to(...) and return".):
  app/controllers/articles_controller.rb:17:in `create'


  Rendered /usr/lib/ruby/gems/1.9.1/gems/actionpack-4.2.4/lib/action_dispatch/middleware/templates/rescues/_source.erb (6.5ms)
  Rendered /usr/lib/ruby/gems/1.9.1/gems/actionpack-4.2.4/lib/action_dispatch/middleware/templates/rescues/_trace.html.erb (2.9ms)
  Rendered /usr/lib/ruby/gems/1.9.1/gems/actionpack-4.2.4/lib/action_dispatch/middleware/templates/rescues/_request_and_response.html.erb (2.0ms)
  Rendered /usr/lib/ruby/gems/1.9.1/gems/actionpack-4.2.4/lib/action_dispatch/middleware/templates/rescues/diagnostics.html.erb within rescues/layout (28.4ms)
  Rendered /usr/lib/ruby/gems/1.9.1/gems/web-console-2.2.1/lib/web_console/templates/_markup.html.erb (0.4ms)
  Rendered /usr/lib/ruby/gems/1.9.1/gems/web-console-2.2.1/lib/web_console/templates/_inner_console_markup.html.erb within layouts/inlined_string (0.4ms)
  Rendered /usr/lib/ruby/gems/1.9.1/gems/web-console-2.2.1/lib/web_console/templates/_prompt_box_markup.html.erb within layouts/inlined_string (0.6ms)
  Rendered /usr/lib/ruby/gems/1.9.1/gems/web-console-2.2.1/lib/web_console/templates/style.css.erb within layouts/inlined_string (0.7ms)
  Rendered /usr/lib/ruby/gems/1.9.1/gems/web-console-2.2.1/lib/web_console/templates/console.js.erb within layouts/javascript (20.0ms)
  Rendered /usr/lib/ruby/gems/1.9.1/gems/web-console-2.2.1/lib/web_console/templates/main.js.erb within layouts/javascript (0.5ms)
  Rendered /usr/lib/ruby/gems/1.9.1/gems/web-console-2.2.1/lib/web_console/templates/error_page.js.erb within layouts/javascript (0.6ms)
  Rendered /usr/lib/ruby/gems/1.9.1/gems/web-console-2.2.1/lib/web_console/templates/index.html.erb (36.5ms)


Started POST "/articles" for 127.0.0.1 at 2015-09-17 22:24:51 +0200
Processing by ArticlesController#create as HTML
  Parameters: {"utf8"=>"✓", "authenticity_token"=>"ZQmDEWVgaaWHkBNT3wSBWCc3JP7fo58gWE14GSwXFnnVAUH73s4JBV/6YFpAUIfhyVYsoiySn4z4pXhN8Oi1zw==", "article"=>{"title"=>"", "text"=>""}, "commit"=>"Save Article"}
  [1m[36m (0.1ms)[0m  [1mbegin transaction[0m
  [1m[35m (0.1ms)[0m  rollback transaction
Redirected to http://localhost:3000/articles
Completed 500 Internal Server Error in 7ms (ActiveRecord: 0.2ms)

AbstractController::DoubleRenderError (Render and/or redirect were called multiple times in this action. Please note that you may only call render OR redirect, and at most once per action. Also note that neither redirect nor render terminate execution of the action, so if you want to exit an action after redirecting, you need to do something like "redirect_to(...) and return".):
  app/controllers/articles_controller.rb:17:in `create'


  Rendered /usr/lib/ruby/gems/1.9.1/gems/actionpack-4.2.4/lib/action_dispatch/middleware/templates/rescues/_source.erb (6.7ms)
  Rendered /usr/lib/ruby/gems/1.9.1/gems/actionpack-4.2.4/lib/action_dispatch/middleware/templates/rescues/_trace.html.erb (76.2ms)
  Rendered /usr/lib/ruby/gems/1.9.1/gems/actionpack-4.2.4/lib/action_dispatch/middleware/templates/rescues/_request_and_response.html.erb (1.3ms)
  Rendered /usr/lib/ruby/gems/1.9.1/gems/actionpack-4.2.4/lib/action_dispatch/middleware/templates/rescues/diagnostics.html.erb within rescues/layout (96.4ms)
  Rendered /usr/lib/ruby/gems/1.9.1/gems/web-console-2.2.1/lib/web_console/templates/_markup.html.erb (0.9ms)
  Rendered /usr/lib/ruby/gems/1.9.1/gems/web-console-2.2.1/lib/web_console/templates/_inner_console_markup.html.erb within layouts/inlined_string (0.4ms)
  Rendered /usr/lib/ruby/gems/1.9.1/gems/web-console-2.2.1/lib/web_console/templates/_prompt_box_markup.html.erb within layouts/inlined_string (0.5ms)
  Rendered /usr/lib/ruby/gems/1.9.1/gems/web-console-2.2.1/lib/web_console/templates/style.css.erb within layouts/inlined_string (0.5ms)
  Rendered /usr/lib/ruby/gems/1.9.1/gems/web-console-2.2.1/lib/web_console/templates/console.js.erb within layouts/javascript (15.3ms)
  Rendered /usr/lib/ruby/gems/1.9.1/gems/web-console-2.2.1/lib/web_console/templates/main.js.erb within layouts/javascript (0.6ms)
  Rendered /usr/lib/ruby/gems/1.9.1/gems/web-console-2.2.1/lib/web_console/templates/error_page.js.erb within layouts/javascript (0.5ms)
  Rendered /usr/lib/ruby/gems/1.9.1/gems/web-console-2.2.1/lib/web_console/templates/index.html.erb (31.8ms)


Started GET "/articles/new" for 127.0.0.1 at 2015-09-17 22:27:31 +0200
Processing by ArticlesController#new as HTML
  Rendered articles/new.erb within layouts/application (2.2ms)
Completed 200 OK in 48ms (Views: 38.2ms | ActiveRecord: 0.5ms)


Started POST "/articles" for 127.0.0.1 at 2015-09-17 22:27:33 +0200
Processing by ArticlesController#create as HTML
  Parameters: {"utf8"=>"✓", "authenticity_token"=>"cBs/dpaW3QTAg/5bcfuQNgdZMNxfdsj9Q2/iBtRsEHnAE/2cLTi9pBjpjVLur5aP6Tg4gKxHyFHjh+JSCJOzzw==", "article"=>{"title"=>"", "text"=>""}, "commit"=>"Save Article"}
  [1m[36m (0.1ms)[0m  [1mbegin transaction[0m
  [1m[35m (0.1ms)[0m  rollback transaction
  Rendered articles/new.erb within layouts/application (9.0ms)
Completed 200 OK in 59ms (Views: 54.9ms | ActiveRecord: 0.2ms)


Started POST "/articles" for 127.0.0.1 at 2015-09-17 22:27:35 +0200
Processing by ArticlesController#create as HTML
  Parameters: {"utf8"=>"✓", "authenticity_token"=>"msOniLC0ZHGGuZqImq3++wMaxqJxDEZU8sU8RgNtNa0qy2ViCxoE0V7T6YEF+fhC7XvO/oI9RvhSLTwS35KWGw==", "article"=>{"title"=>"", "text"=>""}, "commit"=>"Save Article"}
  [1m[36m (0.1ms)[0m  [1mbegin transaction[0m
  [1m[35m (0.1ms)[0m  rollback transaction
  Rendered articles/new.erb within layouts/application (1.5ms)
Completed 200 OK in 129ms (Views: 125.2ms | ActiveRecord: 0.1ms)


Started POST "/articles" for 127.0.0.1 at 2015-09-17 22:27:38 +0200
Processing by ArticlesController#create as HTML
  Parameters: {"utf8"=>"✓", "authenticity_token"=>"sy9fQ7IYGZZbtunXzsO/4nkdjzcErLm1bGt2bd88lq4DJ52pCbZ5NoPcmt5Rl7lbl3yHa/eduRnMg3Y5A8M1GA==", "article"=>{"title"=>"", "text"=>"d"}, "commit"=>"Save Article"}
  [1m[36m (0.1ms)[0m  [1mbegin transaction[0m
  [1m[35m (0.1ms)[0m  rollback transaction
  Rendered articles/new.erb within layouts/application (4.3ms)
Completed 200 OK in 56ms (Views: 51.8ms | ActiveRecord: 0.1ms)


Started POST "/articles" for 127.0.0.1 at 2015-09-17 22:27:39 +0200
Processing by ArticlesController#create as HTML
  Parameters: {"utf8"=>"✓", "authenticity_token"=>"EZmnlhv49eaqMdBXOI14gxge1YZV/k5xXXpWUZYqglyhkWV8oFaVRnJbo16n2X469n/d2qbPTt39klYFStUh6g==", "article"=>{"title"=>"", "text"=>"d"}, "commit"=>"Save Article"}
  [1m[36m (0.1ms)[0m  [1mbegin transaction[0m
  [1m[35m (0.1ms)[0m  rollback transaction
  Rendered articles/new.erb within layouts/application (1.9ms)
Completed 200 OK in 52ms (Views: 49.2ms | ActiveRecord: 0.1ms)


Started POST "/articles" for 127.0.0.1 at 2015-09-17 22:27:44 +0200
Processing by ArticlesController#create as HTML
  Parameters: {"utf8"=>"✓", "authenticity_token"=>"Kc3pqHRqTVWFpVWx5c9PIOjROuPXNpb0PuzfNLzoOtSZxStCz8Qt9V3PJrh6m0mZBrAyvyQHllieBN9gYBeZYg==", "article"=>{"title"=>"", "text"=>""}, "commit"=>"Save Article"}
  [1m[36m (0.1ms)[0m  [1mbegin transaction[0m
  [1m[35m (0.1ms)[0m  rollback transaction
  Rendered articles/new.erb within layouts/application (1.5ms)
Completed 200 OK in 42ms (Views: 39.4ms | ActiveRecord: 0.1ms)


Started POST "/articles" for 127.0.0.1 at 2015-09-17 22:27:47 +0200
Processing by ArticlesController#create as HTML
  Parameters: {"utf8"=>"✓", "authenticity_token"=>"R5wldgOaXmBQxVMMw19EaBUhc0hCkSn7l9eQLr9nwI33lOecuDQ+wIivIAVcC0LR+0B7FLGgKVc3P5B6Y5hjOw==", "article"=>{"title"=>"", "text"=>"d"}, "commit"=>"Save Article"}
  [1m[36m (0.1ms)[0m  [1mbegin transaction[0m
  [1m[35m (0.1ms)[0m  rollback transaction
  Rendered articles/new.erb within layouts/application (1.5ms)
Completed 200 OK in 49ms (Views: 46.2ms | ActiveRecord: 0.1ms)


Started POST "/articles" for 127.0.0.1 at 2015-09-17 22:28:57 +0200
Processing by ArticlesController#create as HTML
  Parameters: {"utf8"=>"✓", "authenticity_token"=>"iuy9fDKEg/rB8sEpItqmGQQIotSEOKz4TeTD8e6xa1465H+WiSrjWhmYsiC9jqCg6mmqiHcJrFTtDMOlMk7I6A==", "article"=>{"title"=>"", "text"=>"d"}, "commit"=>"Save Article"}
  [1m[36m (0.2ms)[0m  [1mbegin transaction[0m
  [1m[35m (0.1ms)[0m  rollback transaction
  Rendered articles/new.erb within layouts/application (2.2ms)
Completed 200 OK in 71ms (Views: 54.1ms | ActiveRecord: 0.9ms)


Started POST "/articles" for 127.0.0.1 at 2015-09-17 22:28:58 +0200
Processing by ArticlesController#create as HTML
  Parameters: {"utf8"=>"✓", "authenticity_token"=>"gnPr+fyeDLnf6q4enXAnQOywt/rcPqt0q0YvwNL7vPUyeykTRzBsGQeA3RcCJCH5AtG/pi8Pq9gLri+UDgQfQw==", "article"=>{"title"=>"", "text"=>"d"}, "commit"=>"Save Article"}
  [1m[36m (0.1ms)[0m  [1mbegin transaction[0m
  [1m[35m (0.1ms)[0m  rollback transaction
  Rendered articles/new.erb within layouts/application (2.5ms)
Completed 200 OK in 46ms (Views: 42.0ms | ActiveRecord: 0.2ms)


Started POST "/articles" for 127.0.0.1 at 2015-09-17 22:28:59 +0200
Processing by ArticlesController#create as HTML
  Parameters: {"utf8"=>"✓", "authenticity_token"=>"oODBj5cTbOCNAo7Ub0a2NfN+ySnimPRHa7q5hUTq0oUQ6ANlLL0MQFVo/d3wErCMHR/BdRGp9OvLUrnRmBVxMw==", "article"=>{"title"=>"", "text"=>"d"}, "commit"=>"Save Article"}
  [1m[36m (0.1ms)[0m  [1mbegin transaction[0m
  [1m[35m (0.1ms)[0m  rollback transaction
  Rendered articles/new.erb within layouts/application (1.5ms)
Completed 200 OK in 58ms (Views: 54.5ms | ActiveRecord: 0.2ms)


Started POST "/articles" for 127.0.0.1 at 2015-09-17 22:29:05 +0200
Processing by ArticlesController#create as HTML
  Parameters: {"utf8"=>"✓", "authenticity_token"=>"e34p4Y2V243LBHrD7oRlAVub8j7jr9B7nAfNTDfLqI3LdusLNju7LRNuCcpx0GO4tfr6YhCe0Nc8780Y6zQLOw==", "article"=>{"title"=>"c", "text"=>"d"}, "commit"=>"Save Article"}
  [1m[36m (0.1ms)[0m  [1mbegin transaction[0m
  [1m[35m (0.1ms)[0m  rollback transaction
  Rendered articles/new.erb within layouts/application (1.6ms)
Completed 200 OK in 133ms (Views: 129.6ms | ActiveRecord: 0.2ms)


Started POST "/articles" for 127.0.0.1 at 2015-09-17 22:29:11 +0200
Processing by ArticlesController#create as HTML
  Parameters: {"utf8"=>"✓", "authenticity_token"=>"KoJEEFL+8U5YqfhoIz+7M+thMg1QzO9lzYLlMYpHtmSaiob66VCR7oDDi2G8a72KBQA6UaP978ltauVlVrgV0g==", "article"=>{"title"=>"ckjkrjkjakjr", "text"=>"dkjkjkjkjrka"}, "commit"=>"Save Article"}
  [1m[36m (0.1ms)[0m  [1mbegin transaction[0m
  [1m[35mSQL (0.3ms)[0m  INSERT INTO "articles" ("title", "text", "created_at", "updated_at") VALUES (?, ?, ?, ?)  [["title", "ckjkrjkjakjr"], ["text", "dkjkjkjkjrka"], ["created_at", "2015-09-17 20:29:11.942099"], ["updated_at", "2015-09-17 20:29:11.942099"]]
  [1m[36m (58.9ms)[0m  [1mcommit transaction[0m
Redirected to http://localhost:3000/articles/4
Completed 302 Found in 64ms (ActiveRecord: 59.2ms)


Started GET "/articles/4" for 127.0.0.1 at 2015-09-17 22:29:12 +0200
Processing by ArticlesController#show as HTML
  Parameters: {"id"=>"4"}
  [1m[35mArticle Load (0.3ms)[0m  SELECT  "articles".* FROM "articles" WHERE "articles"."id" = ? LIMIT 1  [["id", 4]]
  Rendered articles/show.erb within layouts/application (0.3ms)
Completed 200 OK in 43ms (Views: 40.8ms | ActiveRecord: 0.3ms)


Started GET "/articles" for 127.0.0.1 at 2015-09-17 22:29:15 +0200
Processing by ArticlesController#index as HTML
  [1m[36mArticle Load (0.2ms)[0m  [1mSELECT "articles".* FROM "articles"[0m
  Rendered articles/index.erb within layouts/application (0.9ms)
Completed 200 OK in 54ms (Views: 53.5ms | ActiveRecord: 0.2ms)


Started GET "/articles/new" for 127.0.0.1 at 2015-09-17 22:38:59 +0200
Processing by ArticlesController#new as HTML
  Rendered articles/new.erb within layouts/application (4.1ms)
Completed 200 OK in 46ms (Views: 44.8ms | ActiveRecord: 0.0ms)


Started POST "/articles" for 127.0.0.1 at 2015-09-17 22:39:04 +0200
Processing by ArticlesController#create as HTML
  Parameters: {"utf8"=>"✓", "authenticity_token"=>"BdvGerr4VYqx06QJqTYmfBXpjsYI1TcPfmTeN97ZPZi10wSQAVY1Kmm51wA2YiDF+4iGmvvkN6PejN5jAiaeLg==", "article"=>{"title"=>"", "text"=>""}, "commit"=>"Save Article"}
  [1m[35m (0.1ms)[0m  begin transaction
  [1m[36m (0.1ms)[0m  [1mrollback transaction[0m
  Rendered articles/new.erb within layouts/application (3.2ms)
Completed 200 OK in 124ms (Views: 120.9ms | ActiveRecord: 0.1ms)


Started GET "/articles/new" for 127.0.0.1 at 2015-09-17 22:55:04 +0200
Processing by ArticlesController#new as HTML
  Rendered articles/new.erb within layouts/application (2.7ms)
Completed 200 OK in 64ms (Views: 55.1ms | ActiveRecord: 0.5ms)


Started GET "/articles" for 127.0.0.1 at 2015-09-17 22:55:14 +0200
Processing by ArticlesController#index as HTML
  [1m[35mArticle Load (0.3ms)[0m  SELECT "articles".* FROM "articles"
  Rendered articles/index.erb within layouts/application (2.4ms)
Completed 200 OK in 47ms (Views: 45.5ms | ActiveRecord: 0.3ms)


Started GET "/articles/1/edit" for 127.0.0.1 at 2015-09-17 22:55:16 +0200
Processing by ArticlesController#edit as HTML
  Parameters: {"id"=>"1"}
  [1m[36mArticle Load (0.2ms)[0m  [1mSELECT  "articles".* FROM "articles" WHERE "articles"."id" = ? LIMIT 1[0m  [["id", 1]]
  Rendered articles/edit.erb within layouts/application (6.3ms)
Completed 200 OK in 119ms (Views: 117.5ms | ActiveRecord: 0.2ms)


Started GET "/articles" for 127.0.0.1 at 2015-09-17 22:55:19 +0200
Processing by ArticlesController#index as HTML
  [1m[35mArticle Load (0.3ms)[0m  SELECT "articles".* FROM "articles"
  Rendered articles/index.erb within layouts/application (2.6ms)
Completed 200 OK in 58ms (Views: 56.9ms | ActiveRecord: 0.3ms)


Started GET "/articles/new" for 127.0.0.1 at 2015-09-17 23:14:12 +0200
Processing by ArticlesController#new as HTML
  Rendered articles/_form.erb (67.8ms)
  Rendered articles/new.erb within layouts/application (203.5ms)
Completed 200 OK in 799ms (Views: 726.8ms | ActiveRecord: 0.0ms)


Started POST "/articles" for 127.0.0.1 at 2015-09-17 23:14:15 +0200
Processing by ArticlesController#create as HTML
  Parameters: {"utf8"=>"✓", "authenticity_token"=>"kckp7mHolIli7KhvXJWqeIgu987svQLfqAjE+CxBXikhwesE2kb0KbqG22bDwazBZk//kh+MAnMI4MSs8L79nw==", "article"=>{"title"=>"", "text"=>""}, "commit"=>"Create Article"}
  [1m[36m (27.8ms)[0m  [1mbegin transaction[0m
  [1m[35m (0.1ms)[0m  rollback transaction
  Rendered articles/_form.erb (3.8ms)
  Rendered articles/new.erb within layouts/application (4.6ms)
Completed 200 OK in 103ms (Views: 57.5ms | ActiveRecord: 27.9ms)


Started GET "/articles/new" for 127.0.0.1 at 2015-09-17 23:20:32 +0200
Processing by ArticlesController#new as HTML
  Rendered articles/_form.erb (4.6ms)
  Rendered articles/new.erb within layouts/application (5.3ms)
Completed 200 OK in 66ms (Views: 45.2ms | ActiveRecord: 0.5ms)


Started GET "/articles" for 127.0.0.1 at 2015-09-17 23:20:35 +0200
Processing by ArticlesController#index as HTML
  [1m[36mArticle Load (0.2ms)[0m  [1mSELECT "articles".* FROM "articles"[0m
  Rendered articles/index.erb within layouts/application (6.3ms)
Completed 200 OK in 58ms (Views: 56.9ms | ActiveRecord: 0.2ms)


Started DELETE "/articles/1" for 127.0.0.1 at 2015-09-17 23:20:39 +0200
Processing by ArticlesController#destroy as HTML
  Parameters: {"authenticity_token"=>"jyiHVxkdtno3FY3y6yrxhSOiWihmqRv6mhs7HzIWUeU/IEW9orPW2u9//vt0fvc8zcNSdJWYG1Y68ztL7unyUw==", "id"=>"1"}
  [1m[35mArticle Load (0.3ms)[0m  SELECT  "articles".* FROM "articles" WHERE "articles"."id" = ? LIMIT 1  [["id", 1]]
  [1m[36m (0.1ms)[0m  [1mbegin transaction[0m
  [1m[35mSQL (38.3ms)[0m  DELETE FROM "articles" WHERE "articles"."id" = ?  [["id", 1]]
  [1m[36m (150.7ms)[0m  [1mcommit transaction[0m
Redirected to http://localhost:3000/articles
Completed 302 Found in 1157ms (ActiveRecord: 189.4ms)


Started GET "/articles" for 127.0.0.1 at 2015-09-17 23:20:40 +0200
Processing by ArticlesController#index as HTML
  [1m[35mArticle Load (0.7ms)[0m  SELECT "articles".* FROM "articles"
  Rendered articles/index.erb within layouts/application (5.6ms)
Completed 200 OK in 53ms (Views: 50.8ms | ActiveRecord: 0.7ms)


Started DELETE "/articles/2" for 127.0.0.1 at 2015-09-17 23:20:43 +0200
Processing by ArticlesController#destroy as HTML
  Parameters: {"authenticity_token"=>"tSc7rGASbG9Rsbp1AZ2kLVQKIEmJhn6uNN0iTZtAiCUFL/lG27wMz4nbyXyeyaKUumsoFXq3fgKUNSIZR78rkw==", "id"=>"2"}
  [1m[36mArticle Load (0.2ms)[0m  [1mSELECT  "articles".* FROM "articles" WHERE "articles"."id" = ? LIMIT 1[0m  [["id", 2]]
  [1m[35m (0.1ms)[0m  begin transaction
  [1m[36mSQL (0.2ms)[0m  [1mDELETE FROM "articles" WHERE "articles"."id" = ?[0m  [["id", 2]]
  [1m[35m (737.3ms)[0m  commit transaction
Redirected to http://localhost:3000/articles
Completed 302 Found in 836ms (ActiveRecord: 737.9ms)


Started GET "/articles" for 127.0.0.1 at 2015-09-17 23:20:44 +0200
Processing by ArticlesController#index as HTML
  [1m[36mArticle Load (0.3ms)[0m  [1mSELECT "articles".* FROM "articles"[0m
  Rendered articles/index.erb within layouts/application (2.4ms)
Completed 200 OK in 48ms (Views: 46.3ms | ActiveRecord: 0.3ms)
  [1m[36mActiveRecord::SchemaMigration Load (0.1ms)[0m  [1mSELECT "schema_migrations".* FROM "schema_migrations"[0m
Migrating to CreateComments (20150917212259)
  [1m[35m (0.1ms)[0m  begin transaction
  [1m[36m (0.3ms)[0m  [1mCREATE TABLE "comments" ("id" INTEGER PRIMARY KEY AUTOINCREMENT NOT NULL, "commenter" varchar, "body" text, "article_id" integer, "created_at" datetime NOT NULL, "updated_at" datetime NOT NULL) [0m
  [1m[35m (0.1ms)[0m  select sqlite_version(*)
  [1m[36m (0.2ms)[0m  [1mCREATE  INDEX "index_comments_on_article_id" ON "comments" ("article_id")[0m
  [1m[35mSQL (0.3ms)[0m  INSERT INTO "schema_migrations" ("version") VALUES (?)  [["version", "20150917212259"]]
  [1m[36m (170.3ms)[0m  [1mcommit transaction[0m
  [1m[35mActiveRecord::SchemaMigration Load (0.1ms)[0m  SELECT "schema_migrations".* FROM "schema_migrations"
  [1m[36m (0.1ms)[0m  [1m            SELECT sql
            FROM sqlite_master
            WHERE name='index_comments_on_article_id' AND type='index'
            UNION ALL
            SELECT sql
            FROM sqlite_temp_master
            WHERE name='index_comments_on_article_id' AND type='index'
[0m


Started GET "/articles/new" for 127.0.0.1 at 2015-09-17 23:39:24 +0200
  [1m[35mActiveRecord::SchemaMigration Load (0.4ms)[0m  SELECT "schema_migrations".* FROM "schema_migrations"
Processing by ArticlesController#new as HTML
  Rendered articles/_form.erb (2.7ms)
  Rendered articles/new.erb within layouts/application (21.0ms)
Completed 200 OK in 18727ms (Views: 972.9ms | ActiveRecord: 0.8ms)


Started GET "/assets/comments.self-e3b0c44298fc1c149afbf4c8996fb92427ae41e4649b934ca495991b7852b855.css?body=1" for 127.0.0.1 at 2015-09-17 23:39:54 +0200


Started GET "/assets/comments.self-877aef30ae1b040ab8a3aba4e3e309a11d7f2612f44dde450b5c157aa5f95c05.js?body=1" for 127.0.0.1 at 2015-09-17 23:39:54 +0200


Started GET "/articles" for 127.0.0.1 at 2015-09-17 23:40:02 +0200
Processing by ArticlesController#index as HTML
  [1m[36mArticle Load (0.3ms)[0m  [1mSELECT "articles".* FROM "articles"[0m
  Rendered articles/index.erb within layouts/application (3.9ms)
Completed 200 OK in 71ms (Views: 69.5ms | ActiveRecord: 0.3ms)


Started GET "/articles/3" for 127.0.0.1 at 2015-09-17 23:40:07 +0200
Processing by ArticlesController#show as HTML
  Parameters: {"id"=>"3"}
  [1m[35mArticle Load (0.2ms)[0m  SELECT  "articles".* FROM "articles" WHERE "articles"."id" = ? LIMIT 1  [["id", 3]]
  [1m[36mComment Load (0.1ms)[0m  [1mSELECT "comments".* FROM "comments" WHERE "comments"."article_id" = ?[0m  [["article_id", 3]]
  Rendered articles/show.erb within layouts/application (386.6ms)
Completed 200 OK in 430ms (Views: 427.3ms | ActiveRecord: 0.8ms)


Started POST "/articles/3/comments" for 127.0.0.1 at 2015-09-17 23:40:16 +0200
Processing by CommentsController#create as HTML
  Parameters: {"utf8"=>"✓", "authenticity_token"=>"x5+0LGgCWbGjkQ13ln4l0Ic0CtbI/HtFEDsY4MDGzwR3l3bG06w5EXv7fn4JKiNpaVUCijvNe+mw0xi0HDlssg==", "comment"=>{"commenter"=>"nnn", "body"=>"jkkjnjn"}, "commit"=>"Create Comment", "article_id"=>"3"}
  [1m[35mArticle Load (0.1ms)[0m  SELECT  "articles".* FROM "articles" WHERE "articles"."id" = ? LIMIT 1  [["id", 3]]
  [1m[36m (0.1ms)[0m  [1mbegin transaction[0m
  [1m[35mSQL (23.0ms)[0m  INSERT INTO "comments" ("commenter", "body", "article_id", "created_at", "updated_at") VALUES (?, ?, ?, ?, ?)  [["commenter", "nnn"], ["body", "jkkjnjn"], ["article_id", 3], ["created_at", "2015-09-17 21:40:16.938081"], ["updated_at", "2015-09-17 21:40:16.938081"]]
  [1m[36m (46.4ms)[0m  [1mcommit transaction[0m
Redirected to http://localhost:3000/articles/3
Completed 302 Found in 159ms (ActiveRecord: 69.6ms)


Started GET "/articles/3" for 127.0.0.1 at 2015-09-17 23:40:17 +0200
Processing by ArticlesController#show as HTML
  Parameters: {"id"=>"3"}
  [1m[35mArticle Load (0.1ms)[0m  SELECT  "articles".* FROM "articles" WHERE "articles"."id" = ? LIMIT 1  [["id", 3]]
  [1m[36mComment Load (0.2ms)[0m  [1mSELECT "comments".* FROM "comments" WHERE "comments"."article_id" = ?[0m  [["article_id", 3]]
  Rendered articles/show.erb within layouts/application (76.6ms)
Completed 200 OK in 132ms (Views: 129.8ms | ActiveRecord: 0.3ms)


Started GET "/articles" for 127.0.0.1 at 2015-09-17 23:40:21 +0200
Processing by ArticlesController#index as HTML
  [1m[35mArticle Load (0.7ms)[0m  SELECT "articles".* FROM "articles"
  Rendered articles/index.erb within layouts/application (2.3ms)
Completed 200 OK in 48ms (Views: 46.9ms | ActiveRecord: 0.7ms)


Started GET "/articles/new" for 127.0.0.1 at 2015-09-17 23:40:27 +0200
Processing by ArticlesController#new as HTML
  Rendered articles/_form.erb (3.5ms)
  Rendered articles/new.erb within layouts/application (5.1ms)
Completed 200 OK in 63ms (Views: 62.1ms | ActiveRecord: 0.0ms)


Started GET "/articles" for 127.0.0.1 at 2015-09-17 23:41:06 +0200
Processing by ArticlesController#index as HTML
  [1m[36mArticle Load (0.2ms)[0m  [1mSELECT "articles".* FROM "articles"[0m
  Rendered articles/index.erb within layouts/application (2.4ms)
Completed 200 OK in 61ms (Views: 60.5ms | ActiveRecord: 0.2ms)


Started GET "/articles/3" for 127.0.0.1 at 2015-09-17 23:41:08 +0200
Processing by ArticlesController#show as HTML
  Parameters: {"id"=>"3"}
  [1m[35mArticle Load (0.1ms)[0m  SELECT  "articles".* FROM "articles" WHERE "articles"."id" = ? LIMIT 1  [["id", 3]]
  [1m[36mComment Load (0.1ms)[0m  [1mSELECT "comments".* FROM "comments" WHERE "comments"."article_id" = ?[0m  [["article_id", 3]]
  Rendered articles/show.erb within layouts/application (3.5ms)
Completed 200 OK in 122ms (Views: 120.6ms | ActiveRecord: 0.2ms)


Started GET "/articles/new" for 127.0.0.1 at 2015-09-17 23:49:54 +0200
Processing by ArticlesController#new as HTML
  Rendered articles/_form.erb (2.0ms)
  Rendered articles/new.erb within layouts/application (2.8ms)
Completed 200 OK in 78ms (Views: 77.1ms | ActiveRecord: 0.0ms)


Started POST "/articles" for 127.0.0.1 at 2015-09-17 23:49:57 +0200
Processing by ArticlesController#create as HTML
  Parameters: {"utf8"=>"✓", "authenticity_token"=>"FaWWtgYSYh8Dh/yBBeTUmKYl8tCTtejDGlYXANdxlkqlrVRcvbwCv9vtj4iasNIhSET6jGCE6G+6vhdUC441/A==", "article"=>{"title"=>"", "text"=>""}, "commit"=>"Create Article"}
  [1m[35m (0.1ms)[0m  begin transaction
  [1m[36m (0.1ms)[0m  [1mrollback transaction[0m
  Rendered articles/_form.erb (6.2ms)
  Rendered articles/new.erb within layouts/application (7.2ms)
Completed 200 OK in 68ms (Views: 64.2ms | ActiveRecord: 0.2ms)


Started GET "/articles" for 127.0.0.1 at 2015-09-17 23:50:00 +0200
Processing by ArticlesController#index as HTML
  [1m[35mArticle Load (0.3ms)[0m  SELECT "articles".* FROM "articles"
  Rendered articles/index.erb within layouts/application (3.4ms)
Completed 200 OK in 57ms (Views: 56.4ms | ActiveRecord: 0.3ms)


Started GET "/articles/3" for 127.0.0.1 at 2015-09-17 23:50:02 +0200
Processing by ArticlesController#show as HTML
  Parameters: {"id"=>"3"}
  [1m[36mArticle Load (0.2ms)[0m  [1mSELECT  "articles".* FROM "articles" WHERE "articles"."id" = ? LIMIT 1[0m  [["id", 3]]
  [1m[35mComment Load (0.2ms)[0m  SELECT "comments".* FROM "comments" WHERE "comments"."article_id" = ?  [["article_id", 3]]
  Rendered comments/_comment.erb (0.8ms)
  Rendered comments/_form.erb (6.7ms)
  Rendered articles/show.erb within layouts/application (16.4ms)
Completed 200 OK in 124ms (Views: 122.6ms | ActiveRecord: 0.4ms)


Started GET "/articles/new" for 127.0.0.1 at 2015-09-17 23:59:27 +0200
Processing by ArticlesController#new as HTML
Filter chain halted as #<Proc:0x007fc10c2248c0@/usr/lib/ruby/gems/1.9.1/gems/actionpack-4.2.4/lib/action_controller/metal/http_authentication.rb:69> rendered or redirected
Completed 401 Unauthorized in 611ms (ActiveRecord: 0.0ms)


Started GET "/articles/new" for 127.0.0.1 at 2015-09-18 00:00:09 +0200
Processing by ArticlesController#new as HTML
  Rendered articles/_form.erb (691.4ms)
  Rendered articles/new.erb within layouts/application (832.9ms)
Completed 200 OK in 5317ms (Views: 3331.3ms | ActiveRecord: 191.3ms)


Started POST "/articles" for 127.0.0.1 at 2015-09-18 00:00:32 +0200
Processing by ArticlesController#create as HTML
  Parameters: {"utf8"=>"✓", "authenticity_token"=>"MUrnZl7TwWgG52dY6Ytj3izwjQ5h26uSaM8090ZrDAGBQiWM5X2hyN6NFFF232VnwpGFUpLqqz7IJzSjmpSvtw==", "article"=>{"title"=>"dddddd", "text"=>"ddddddddddd"}, "commit"=>"Create Article"}
Filter chain halted as #<Proc:0x007fc10c2248c0@/usr/lib/ruby/gems/1.9.1/gems/actionpack-4.2.4/lib/action_controller/metal/http_authentication.rb:69> rendered or redirected
Completed 401 Unauthorized in 50ms (ActiveRecord: 0.0ms)


Started POST "/articles" for 127.0.0.1 at 2015-09-18 00:00:32 +0200
Processing by ArticlesController#create as HTML
  Parameters: {"utf8"=>"✓", "authenticity_token"=>"MUrnZl7TwWgG52dY6Ytj3izwjQ5h26uSaM8090ZrDAGBQiWM5X2hyN6NFFF232VnwpGFUpLqqz7IJzSjmpSvtw==", "article"=>{"title"=>"dddddd", "text"=>"ddddddddddd"}, "commit"=>"Create Article"}
  [1m[36m (0.2ms)[0m  [1mbegin transaction[0m
  [1m[35mSQL (0.4ms)[0m  INSERT INTO "articles" ("title", "text", "created_at", "updated_at") VALUES (?, ?, ?, ?)  [["title", "dddddd"], ["text", "ddddddddddd"], ["created_at", "2015-09-17 22:00:32.670688"], ["updated_at", "2015-09-17 22:00:32.670688"]]
  [1m[36m (48.8ms)[0m  [1mcommit transaction[0m
Redirected to http://localhost:3000/articles/5
Completed 302 Found in 185ms (ActiveRecord: 49.4ms)


Started GET "/articles/5" for 127.0.0.1 at 2015-09-18 00:00:32 +0200
Processing by ArticlesController#show as HTML
  Parameters: {"id"=>"5"}
  [1m[35mArticle Load (36.1ms)[0m  SELECT  "articles".* FROM "articles" WHERE "articles"."id" = ? LIMIT 1  [["id", 5]]
  [1m[36mComment Load (0.3ms)[0m  [1mSELECT "comments".* FROM "comments" WHERE "comments"."article_id" = ?[0m  [["article_id", 5]]
  Rendered collection (0.0ms)
  Rendered comments/_form.erb (40.9ms)
  Rendered articles/show.erb within layouts/application (234.9ms)
Completed 200 OK in 630ms (Views: 454.6ms | ActiveRecord: 36.8ms)


Started GET "/assets/articles.self-e3b0c44298fc1c149afbf4c8996fb92427ae41e4649b934ca495991b7852b855.css?body=1" for 127.0.0.1 at 2015-09-18 00:00:33 +0200


Started GET "/assets/comments.self-e3b0c44298fc1c149afbf4c8996fb92427ae41e4649b934ca495991b7852b855.css?body=1" for 127.0.0.1 at 2015-09-18 00:00:33 +0200


Started GET "/assets/application.self-e80e8f2318043e8af94dddc2adad5a4f09739a8ebb323b3ab31cd71d45fd9113.css?body=1" for 127.0.0.1 at 2015-09-18 00:00:34 +0200


Started GET "/assets/turbolinks.self-c37727e9bd6b2735da5c311aa83fead54ed0be6cc8bd9a65309e9c5abe2cbfff.js?body=1" for 127.0.0.1 at 2015-09-18 00:00:34 +0200


Started GET "/assets/articles.self-877aef30ae1b040ab8a3aba4e3e309a11d7f2612f44dde450b5c157aa5f95c05.js?body=1" for 127.0.0.1 at 2015-09-18 00:00:34 +0200


Started GET "/assets/welcome.self-e3b0c44298fc1c149afbf4c8996fb92427ae41e4649b934ca495991b7852b855.css?body=1" for 127.0.0.1 at 2015-09-18 00:00:34 +0200


Started GET "/assets/jquery.self-a714331225dda820228db323939889f149aec0127aeb06255646b616ba1ca419.js?body=1" for 127.0.0.1 at 2015-09-18 00:00:34 +0200


Started GET "/assets/jquery_ujs.self-d456baa54c1fa6be2ec3711f0a72ddf7a5b2f34a6b4f515f33767d6207b7d4b3.js?body=1" for 127.0.0.1 at 2015-09-18 00:00:34 +0200


Started GET "/assets/application.self-3b8dabdc891efe46b9a144b400ad69e37d7e5876bdc39dee783419a69d7ca819.js?body=1" for 127.0.0.1 at 2015-09-18 00:00:34 +0200


Started GET "/assets/welcome.self-877aef30ae1b040ab8a3aba4e3e309a11d7f2612f44dde450b5c157aa5f95c05.js?body=1" for 127.0.0.1 at 2015-09-18 00:00:34 +0200


Started GET "/assets/comments.self-877aef30ae1b040ab8a3aba4e3e309a11d7f2612f44dde450b5c157aa5f95c05.js?body=1" for 127.0.0.1 at 2015-09-18 00:00:34 +0200


Started GET "/articles" for 127.0.0.1 at 2015-09-18 00:01:07 +0200
Processing by ArticlesController#index as HTML
  [1m[35mArticle Load (0.3ms)[0m  SELECT "articles".* FROM "articles"
  Rendered articles/index.erb within layouts/application (2.6ms)
Completed 200 OK in 87ms (Views: 67.5ms | ActiveRecord: 0.3ms)


Started DELETE "/articles/3" for 127.0.0.1 at 2015-09-18 00:01:11 +0200
Processing by ArticlesController#destroy as HTML
  Parameters: {"authenticity_token"=>"QIPor1+7tfYiCCPqTeolr/xb3ZV6PjcAlWK1yK863MPwiypF5BXVVvpiUOPSviMWEjrVyYkPN6w1irWcc8V/dQ==", "id"=>"3"}
  [1m[36mArticle Load (0.1ms)[0m  [1mSELECT  "articles".* FROM "articles" WHERE "articles"."id" = ? LIMIT 1[0m  [["id", 3]]
  [1m[35m (0.1ms)[0m  begin transaction
  [1m[36mComment Load (0.1ms)[0m  [1mSELECT "comments".* FROM "comments" WHERE "comments"."article_id" = ?[0m  [["article_id", 3]]
  [1m[35mSQL (0.4ms)[0m  DELETE FROM "comments" WHERE "comments"."id" = ?  [["id", 1]]
  [1m[36mSQL (0.3ms)[0m  [1mDELETE FROM "articles" WHERE "articles"."id" = ?[0m  [["id", 3]]
  [1m[35m (101.3ms)[0m  commit transaction
Redirected to http://localhost:3000/articles
Completed 302 Found in 123ms (ActiveRecord: 102.2ms)


Started GET "/articles" for 127.0.0.1 at 2015-09-18 00:01:11 +0200
Processing by ArticlesController#index as HTML
  [1m[36mArticle Load (0.2ms)[0m  [1mSELECT "articles".* FROM "articles"[0m
  Rendered articles/index.erb within layouts/application (1.4ms)
Completed 200 OK in 175ms (Views: 173.5ms | ActiveRecord: 0.2ms)


Started GET "/articles/4" for 127.0.0.1 at 2015-09-18 00:02:08 +0200
Processing by ArticlesController#show as HTML
  Parameters: {"id"=>"4"}
  [1m[35mArticle Load (0.2ms)[0m  SELECT  "articles".* FROM "articles" WHERE "articles"."id" = ? LIMIT 1  [["id", 4]]
  [1m[36mComment Load (0.1ms)[0m  [1mSELECT "comments".* FROM "comments" WHERE "comments"."article_id" = ?[0m  [["article_id", 4]]
  Rendered collection (0.0ms)
  Rendered comments/_form.erb (5.1ms)
  Rendered articles/show.erb within layouts/application (8.0ms)
Completed 200 OK in 64ms (Views: 61.8ms | ActiveRecord: 0.3ms)


Started POST "/articles/4/comments" for 127.0.0.1 at 2015-09-18 00:02:19 +0200
Processing by CommentsController#create as HTML
  Parameters: {"utf8"=>"✓", "authenticity_token"=>"IKTHQWSvr113Mn9LESrBN+jJotnK3pWlcUe/94HjIeiQrAWr3wHP/a9YDEKOfseOBqiqhTnvlQnRr7+jXRyCXg==", "comment"=>{"commenter"=>"dddd", "body"=>"ddddddddddddd"}, "commit"=>"Create Comment", "article_id"=>"4"}
  [1m[35mArticle Load (0.1ms)[0m  SELECT  "articles".* FROM "articles" WHERE "articles"."id" = ? LIMIT 1  [["id", 4]]
  [1m[36m (0.1ms)[0m  [1mbegin transaction[0m
  [1m[35mSQL (0.3ms)[0m  INSERT INTO "comments" ("commenter", "body", "article_id", "created_at", "updated_at") VALUES (?, ?, ?, ?, ?)  [["commenter", "dddd"], ["body", "ddddddddddddd"], ["article_id", 4], ["created_at", "2015-09-17 22:02:19.686733"], ["updated_at", "2015-09-17 22:02:19.686733"]]
  [1m[36m (15.7ms)[0m  [1mcommit transaction[0m
Redirected to http://localhost:3000/articles/4
Completed 302 Found in 25ms (ActiveRecord: 16.2ms)


Started GET "/articles/4" for 127.0.0.1 at 2015-09-18 00:02:19 +0200
Processing by ArticlesController#show as HTML
  Parameters: {"id"=>"4"}
  [1m[35mArticle Load (0.2ms)[0m  SELECT  "articles".* FROM "articles" WHERE "articles"."id" = ? LIMIT 1  [["id", 4]]
  [1m[36mComment Load (0.1ms)[0m  [1mSELECT "comments".* FROM "comments" WHERE "comments"."article_id" = ?[0m  [["article_id", 4]]
  Rendered comments/_comment.erb (1.3ms)
  Rendered comments/_form.erb (2.9ms)
  Rendered articles/show.erb within layouts/application (31.9ms)
Completed 200 OK in 81ms (Views: 78.0ms | ActiveRecord: 0.3ms)


Started DELETE "/articles/4/comments/2" for 127.0.0.1 at 2015-09-18 00:02:24 +0200
Processing by CommentsController#destroy as HTML
  Parameters: {"authenticity_token"=>"KCNdkWlw+bcNdBT/ZdFxp6tf6axWBHZ3hV7d9Vo57SWYK5970t6ZF9UeZ/b6hXceRT7h8KU1dtsltt2hhsZOkw==", "article_id"=>"4", "id"=>"2"}
  [1m[35mArticle Load (0.1ms)[0m  SELECT  "articles".* FROM "articles" WHERE "articles"."id" = ? LIMIT 1  [["id", 4]]
  [1m[36mComment Load (0.2ms)[0m  [1mSELECT  "comments".* FROM "comments" WHERE "comments"."article_id" = ? AND "comments"."id" = ? LIMIT 1[0m  [["article_id", 4], ["id", 2]]
  [1m[35m (0.1ms)[0m  begin transaction
  [1m[36mSQL (0.1ms)[0m  [1mDELETE FROM "comments" WHERE "comments"."id" = ?[0m  [["id", 2]]
  [1m[35m (49.0ms)[0m  commit transaction
Redirected to http://localhost:3000/articles/4
Completed 302 Found in 55ms (ActiveRecord: 49.6ms)


Started GET "/articles/4" for 127.0.0.1 at 2015-09-18 00:02:24 +0200
Processing by ArticlesController#show as HTML
  Parameters: {"id"=>"4"}
  [1m[36mArticle Load (0.1ms)[0m  [1mSELECT  "articles".* FROM "articles" WHERE "articles"."id" = ? LIMIT 1[0m  [["id", 4]]
  [1m[35mComment Load (0.1ms)[0m  SELECT "comments".* FROM "comments" WHERE "comments"."article_id" = ?  [["article_id", 4]]
  Rendered collection (0.0ms)
  Rendered comments/_form.erb (2.7ms)
  Rendered articles/show.erb within layouts/application (5.1ms)
Completed 200 OK in 55ms (Views: 53.6ms | ActiveRecord: 0.2ms)


Started GET "/articles/new" for 127.0.0.1 at 2015-09-18 00:24:23 +0200
Processing by ArticlesController#new as HTML
  Rendered articles/_form.erb (25.6ms)
  Rendered articles/new.erb within layouts/application (26.5ms)
Completed 200 OK in 400ms (Views: 350.7ms | ActiveRecord: 0.8ms)
